Namespace(exp_name='exp', dataset='modelnet40', batch_size=64, test_batch_size=16, epochs=200, use_sgd=True, lr=0.001, momentum=0.9, scheduler='cos', no_cuda=False, eval=False, num_points=1024, model_path='')
random seed is: 9558
Using GPU : 0 from 1 devices
Let's use1GPUs!
Use SGD
Namespace(exp_name='exp', dataset='modelnet40', batch_size=64, test_batch_size=16, epochs=200, use_sgd=True, lr=0.001, momentum=0.9, scheduler='cos', no_cuda=False, eval=False, num_points=1024, model_path='')
random seed is: 3460
Using GPU : 0 from 1 devices
Let's use1GPUs!
Use SGD
Namespace(exp_name='exp', dataset='modelnet40', batch_size=64, test_batch_size=16, epochs=200, use_sgd=True, lr=0.001, momentum=0.9, scheduler='cos', no_cuda=False, eval=False, num_points=1024, model_path='')
random seed is: 8640
Using GPU : 0 from 1 devices
Let's use1GPUs!
Use SGD
Namespace(exp_name='exp', dataset='modelnet40', batch_size=64, test_batch_size=16, epochs=200, use_sgd=True, lr=0.001, momentum=0.9, scheduler='cos', no_cuda=False, eval=False, num_points=1024, model_path='')
random seed is: 2850
Using GPU : 0 from 1 devices
Let's use1GPUs!
Use SGD
Namespace(exp_name='exp', dataset='modelnet40', batch_size=128, test_batch_size=16, epochs=200, use_sgd=True, lr=0.001, momentum=0.9, scheduler='cos', no_cuda=False, eval=False, num_points=1024, model_path='')
random seed is: 9169
Using GPU : 0 from 1 devices
Let's use1GPUs!
Use SGD
Train 0, loss: 0.101788
Test 0, loss: 0.075606
best: 186.596
Train 1, loss: 0.099724
Test 1, loss: 0.064454
best: 159.072
Train 2, loss: 0.098407
Test 2, loss: 0.075302
best: 159.072
Train 3, loss: 0.095716
Test 3, loss: 0.064468
best: 159.072
Train 4, loss: 0.098353
Test 4, loss: 0.063184
best: 155.939
Train 5, loss: 0.097098
Test 5, loss: 0.062177
best: 153.453
Train 6, loss: 0.095928
Test 6, loss: 0.068449
best: 153.453
Train 7, loss: 0.097035
Test 7, loss: 0.068693
best: 153.453
Train 8, loss: 0.096684
Test 8, loss: 0.063377
best: 153.453
Train 9, loss: 0.096936
Test 9, loss: 0.064542
best: 153.453
Train 10, loss: 0.098811
Test 10, loss: 0.065503
best: 153.453
Train 11, loss: 0.099241
Test 11, loss: 0.061672
best: 152.207
Train 12, loss: 0.097683
Test 12, loss: 0.067547
best: 152.207
Train 13, loss: 0.096909
Test 13, loss: 0.061404
best: 151.544
Train 14, loss: 0.098815
Test 14, loss: 0.064819
best: 151.544
Train 15, loss: 0.096855
Test 15, loss: 0.056523
best: 139.498
Namespace(exp_name='exp', dataset='modelnet40', batch_size=128, test_batch_size=16, epochs=200, use_sgd=True, lr=0.001, momentum=0.9, scheduler='cos', no_cuda=False, eval=False, num_points=1024, resume_training=False, resume_path='', model_path='')
random seed is: 3419
Using GPU : 0 from 1 devices
Let's use1GPUs!
Namespace(exp_name='exp', dataset='modelnet40', batch_size=128, test_batch_size=16, epochs=200, use_sgd=True, lr=0.001, momentum=0.9, scheduler='cos', no_cuda=False, eval=False, num_points=1024, resume_training=False, resume_path='', model_path='')
random seed is: 8149
Using GPU : 0 from 1 devices
Let's use1GPUs!
Use SGD
Train 0, loss: 0.101042
Val: 0, loss: 0.088076
best: 217.372
Train 1, loss: 0.098355
Val: 1, loss: 0.078671
best: 194.160
Train 2, loss: 0.098014
Val: 2, loss: 0.070886
best: 174.946
Train 3, loss: 0.098060
Val: 3, loss: 0.070149
best: 173.127
Train 4, loss: 0.096244
Val: 4, loss: 0.073370
best: 173.127
Train 5, loss: 0.097810
Val: 5, loss: 0.072697
best: 173.127
Train 6, loss: 0.097292
Val: 6, loss: 0.072478
best: 173.127
Train 7, loss: 0.098642
Val: 7, loss: 0.067060
best: 165.504
Train 8, loss: 0.096554
Val: 8, loss: 0.064674
best: 159.614
Train 9, loss: 0.095837
Val: 9, loss: 0.061454
best: 151.670
Train 10, loss: 0.096246
Val: 10, loss: 0.058154
best: 143.525
Train 11, loss: 0.096585
Val: 11, loss: 0.063771
best: 143.525
Train 12, loss: 0.096293
Val: 12, loss: 0.068122
best: 143.525
Train 13, loss: 0.096916
